<?xml version="1.0" encoding="UTF-8"?>
<!-- Generated by org.testng.reporters.JUnitReportReporter -->
<testsuite hostname="Vj" failures="0" tests="1" name="shopperstack.SS_Beauty_07" time="38.039" errors="0" timestamp="2024-07-17T17:16:43 IST" skipped="0">
  <testcase classname="shopperstack.SS_Beauty_07" name="beauty" time="38.039"/>
  <system-out>
    <![CDATA[BEAUTY-->PRODUCT ADDED SUCCESSFULLY]]>
  </system-out>
</testsuite> <!-- shopperstack.SS_Beauty_07 -->
