<?xml version="1.0" encoding="UTF-8"?>
<!-- Generated by org.testng.reporters.JUnitReportReporter -->
<testsuite hostname="Vj" failures="0" tests="1" name="learning_testng.Test_1" time="0.017" errors="0" timestamp="2024-07-16T16:53:58 IST" skipped="0">
  <testcase classname="learning_testng.Test_1" name="a" time="0.017"/>
  <system-out/>
</testsuite> <!-- learning_testng.Test_1 -->
