<?xml version="1.0" encoding="UTF-8"?>
<!-- Generated by org.testng.reporters.JUnitReportReporter -->
<testsuite hostname="Vj" failures="0" tests="1" name="shopperstack.SS_Login_02" time="30.983" errors="0" timestamp="2024-07-19T17:21:24 IST" skipped="0">
  <testcase classname="shopperstack.SS_Login_02" name="login" time="30.983"/>
  <system-out>
    <![CDATA[Login successful]]>
  </system-out>
</testsuite> <!-- shopperstack.SS_Login_02 -->
