<?xml version="1.0" encoding="UTF-8"?>
<!-- Generated by org.testng.reporters.JUnitReportReporter -->
<testsuite hostname="Vj" failures="0" tests="3" name="learning_testng.Test_2" time="0.023" errors="0" timestamp="2024-07-16T17:10:10 IST" skipped="0">
  <testcase classname="learning_testng.Test_2" name="register" time="0.017"/>
  <system-out>
    <![CDATA[registeration successful]]>
  </system-out>
  <testcase classname="learning_testng.Test_2" name="login" time="0.003"/>
  <system-out>
    <![CDATA[login completed]]>
  </system-out>
  <testcase classname="learning_testng.Test_2" name="logout" time="0.003"/>
  <system-out>
    <![CDATA[logout completed]]>
  </system-out>
</testsuite> <!-- learning_testng.Test_2 -->
