<?xml version="1.0" encoding="UTF-8"?>
<!-- Generated by org.testng.reporters.JUnitReportReporter -->
<testsuite hostname="Vj" failures="0" tests="1" name="shopperstack.SS_Women_04" time="53.595" errors="0" timestamp="2024-07-17T17:16:43 IST" skipped="0">
  <testcase classname="shopperstack.SS_Women_04" name="women" time="53.595"/>
  <system-out>
    <![CDATA[WOMEN-->PRODUCT ADDED SUCCESSFULLY]]>
  </system-out>
</testsuite> <!-- shopperstack.SS_Women_04 -->
