<?xml version="1.0" encoding="UTF-8"?>
<!-- Generated by org.testng.reporters.JUnitReportReporter -->
<testsuite hostname="Vj" failures="0" tests="1" name="shopperstack.SS_Men_03" time="56.154" errors="0" timestamp="2024-07-17T17:16:43 IST" skipped="0">
  <testcase classname="shopperstack.SS_Men_03" name="men" time="56.154"/>
  <system-out>
    <![CDATA[MEN-->PRODUCT ADDED SUCCESSFULLY]]>
  </system-out>
</testsuite> <!-- shopperstack.SS_Men_03 -->
